#-----------------------------------------------------------
# Vivado v2017.4 (64-bit)
# SW Build 2086221 on Fri Dec 15 20:55:39 MST 2017
# IP Build 2085800 on Fri Dec 15 22:25:07 MST 2017
# Start of session at: Fri May 24 13:43:20 2019
# Process ID: 31648
# Current directory: E:/RISC-V/RISC-V-Cache
# Command line: vivado.exe -gui_launcher_event rodinguilauncherevent23592 E:\RISC-V\RISC-V-Cache\RISC-V-Cache.xpr
# Log file: E:/RISC-V/RISC-V-Cache/vivado.log
# Journal file: E:/RISC-V/RISC-V-Cache\vivado.jou
#-----------------------------------------------------------
start_gui
open_project E:/RISC-V/RISC-V-Cache/RISC-V-Cache.xpr
Scanning sources...
Finished scanning sources
INFO: [IP_Flow 19-234] Refreshing IP repositories
INFO: [IP_Flow 19-1704] No user IP repositories specified
INFO: [IP_Flow 19-2313] Loaded Vivado IP repository 'F:/Xilinx/Vivado/2017.4/data/ip'.
update_compile_order -fileset sources_1
exit
INFO: [Common 17-206] Exiting Vivado at Fri May 24 13:43:54 2019...
compile_order -fileset sources_1
exit
INFO: [Common 17-206] Exiting Vivado at Fri May 24 13:44:25 2019...
