#-----------------------------------------------------------
# Vivado v2017.4 (64-bit)
# SW Build 2086221 on Fri Dec 15 20:55:39 MST 2017
# IP Build 2085800 on Fri Dec 15 22:25:07 MST 2017
# Start of session at: Fri May 24 14:16:31 2019
# Process ID: 29144
# Current directory: E:/RISC-V/RISC-V-Cache
# Command line: vivado.exe -gui_launcher_event rodinguilauncherevent18684 E:\RISC-V\RISC-V-Cache\RISC-V-Cache.xpr
# Log file: E:/RISC-V/RISC-V-Cache/vivado.log
# Journal file: E:/RISC-V/RISC-V-Cache\vivado.jou
#-----------------------------------------------------------
start_gui
open_project E:/RISC-V/RISC-V-Cache/RISC-V-Cache.xpr
Scanning sources...
Finished scanning sources
INFO: [IP_Flow 19-234] Refreshing IP repositories
INFO: [IP_Flow 19-1704] No user IP repositories specified
INFO: [IP_Flow 19-2313] Loaded Vivado IP repository 'F:/Xilinx/Vivado/2017.4/data/ip'.
open_project: Time (s): cpu = 00:00:14 ; elapsed = 00:00:05 . Memory (MB): peak = 776.461 ; gain = 81.711
update_compile_order -fileset sources_1
reset_run synth_1
WARNING: [Vivado 12-1017] Problems encountered:
1. Failed to delete one or more files in run directory E:/RISC-V/RISC-V-Cache/RISC-V-Cache.runs/synth_1

launch_runs synth_1 -jobs 4
[Fri May 24 14:17:04 2019] Launched synth_1...
Run output will be captured here: E:/RISC-V/RISC-V-Cache/RISC-V-Cache.runs/synth_1/runme.log
reset_run synth_1
WARNING: [Vivado 12-1017] Problems encountered:
1. Failed to delete one or more files in run directory E:/RISC-V/RISC-V-Cache/RISC-V-Cache.runs/synth_1

launch_runs synth_1 -jobs 4
[Fri May 24 14:24:20 2019] Launched synth_1...
Run output will be captured here: E:/RISC-V/RISC-V-Cache/RISC-V-Cache.runs/synth_1/runme.log
reset_run synth_1
WARNING: [Vivado 12-1017] Problems encountered:
1. Failed to delete one or more files in run directory E:/RISC-V/RISC-V-Cache/RISC-V-Cache.runs/synth_1

launch_runs synth_1 -jobs 4
[Fri May 24 14:25:51 2019] Launched synth_1...
Run output will be captured here: E:/RISC-V/RISC-V-Cache/RISC-V-Cache.runs/synth_1/runme.log
reset_run synth_1
WARNING: [Vivado 12-1017] Problems encountered:
1. Failed to delete one or more files in run directory E:/RISC-V/RISC-V-Cache/RISC-V-Cache.runs/synth_1

launch_runs synth_1 -jobs 4
[Fri May 24 14:32:05 2019] Launched synth_1...
Run output will be captured here: E:/RISC-V/RISC-V-Cache/RISC-V-Cache.runs/synth_1/runme.log
reset_run synth_1
WARNING: [Vivado 12-1017] Problems encountered:
1. Failed to delete one or more files in run directory E:/RISC-V/RISC-V-Cache/RISC-V-Cache.runs/synth_1

launch_runs synth_1 -jobs 4
[Fri May 24 14:48:11 2019] Launched synth_1...
Run output will be captured here: E:/RISC-V/RISC-V-Cache/RISC-V-Cache.runs/synth_1/runme.log
reset_run synth_1
WARNING: [Vivado 12-1017] Problems encountered:
1. Failed to delete one or more files in run directory E:/RISC-V/RISC-V-Cache/RISC-V-Cache.runs/synth_1

launch_runs synth_1 -jobs 4
[Fri May 24 14:50:57 2019] Launched synth_1...
Run output will be captured here: E:/RISC-V/RISC-V-Cache/RISC-V-Cache.runs/synth_1/runme.log
reset_run synth_1
WARNING: [Vivado 12-1017] Problems encountered:
1. Failed to delete one or more files in run directory E:/RISC-V/RISC-V-Cache/RISC-V-Cache.runs/synth_1

launch_runs synth_1 -jobs 4
[Fri May 24 14:53:38 2019] Launched synth_1...
Run output will be captured here: E:/RISC-V/RISC-V-Cache/RISC-V-Cache.runs/synth_1/runme.log
reset_run synth_1
WARNING: [Vivado 12-1017] Problems encountered:
1. Failed to delete one or more files in run directory E:/RISC-V/RISC-V-Cache/RISC-V-Cache.runs/synth_1

launch_runs synth_1 -jobs 4
[Fri May 24 14:56:54 2019] Launched synth_1...
Run output will be captured here: E:/RISC-V/RISC-V-Cache/RISC-V-Cache.runs/synth_1/runme.log
reset_run synth_1
WARNING: [Vivado 12-1017] Problems encountered:
1. Failed to delete one or more files in run directory E:/RISC-V/RISC-V-Cache/RISC-V-Cache.runs/synth_1

launch_runs synth_1 -jobs 4
[Fri May 24 15:01:01 2019] Launched synth_1...
Run output will be captured here: E:/RISC-V/RISC-V-Cache/RISC-V-Cache.runs/synth_1/runme.log
reset_run synth_1
WARNING: [Vivado 12-1017] Problems encountered:
1. Failed to delete one or more files in run directory E:/RISC-V/RISC-V-Cache/RISC-V-Cache.runs/synth_1

launch_runs synth_1 -jobs 4
[Fri May 24 15:03:44 2019] Launched synth_1...
Run output will be captured here: E:/RISC-V/RISC-V-Cache/RISC-V-Cache.runs/synth_1/runme.log
reset_run synth_1
WARNING: [Vivado 12-1017] Problems encountered:
1. Failed to delete one or more files in run directory E:/RISC-V/RISC-V-Cache/RISC-V-Cache.runs/synth_1

launch_runs synth_1 -jobs 4
[Fri May 24 15:05:02 2019] Launched synth_1...
Run output will be captured here: E:/RISC-V/RISC-V-Cache/RISC-V-Cache.runs/synth_1/runme.log
reset_run synth_1
WARNING: [Vivado 12-1017] Problems encountered:
1. Failed to delete one or more files in run directory E:/RISC-V/RISC-V-Cache/RISC-V-Cache.runs/synth_1

launch_runs synth_1 -jobs 4
[Fri May 24 15:24:15 2019] Launched synth_1...
Run output will be captured here: E:/RISC-V/RISC-V-Cache/RISC-V-Cache.runs/synth_1/runme.log
reset_run synth_1
WARNING: [Vivado 12-1017] Problems encountered:
1. Failed to delete one or more files in run directory E:/RISC-V/RISC-V-Cache/RISC-V-Cache.runs/synth_1

launch_runs synth_1 -jobs 4
[Fri May 24 15:26:17 2019] Launched synth_1...
Run output will be captured here: E:/RISC-V/RISC-V-Cache/RISC-V-Cache.runs/synth_1/runme.log
reset_run synth_1
WARNING: [Vivado 12-1017] Problems encountered:
1. Failed to delete one or more files in run directory E:/RISC-V/RISC-V-Cache/RISC-V-Cache.runs/synth_1

launch_runs synth_1 -jobs 4
[Fri May 24 15:29:58 2019] Launched synth_1...
Run output will be captured here: E:/RISC-V/RISC-V-Cache/RISC-V-Cache.runs/synth_1/runme.log
reset_run synth_1
WARNING: [Vivado 12-1017] Problems encountered:
1. Failed to delete one or more files in run directory E:/RISC-V/RISC-V-Cache/RISC-V-Cache.runs/synth_1

launch_runs synth_1 -jobs 4
[Fri May 24 15:31:45 2019] Launched synth_1...
Run output will be captured here: E:/RISC-V/RISC-V-Cache/RISC-V-Cache.runs/synth_1/runme.log
reset_run synth_1
WARNING: [Vivado 12-1017] Problems encountered:
1. Failed to delete one or more files in run directory E:/RISC-V/RISC-V-Cache/RISC-V-Cache.runs/synth_1

launch_runs synth_1 -jobs 4
[Fri May 24 15:33:34 2019] Launched synth_1...
Run output will be captured here: E:/RISC-V/RISC-V-Cache/RISC-V-Cache.runs/synth_1/runme.log
reset_run synth_1
WARNING: [Vivado 12-1017] Problems encountered:
1. Failed to delete one or more files in run directory E:/RISC-V/RISC-V-Cache/RISC-V-Cache.runs/synth_1

launch_runs synth_1 -jobs 4
[Fri May 24 15:34:51 2019] Launched synth_1...
Run output will be captured here: E:/RISC-V/RISC-V-Cache/RISC-V-Cache.runs/synth_1/runme.log
reset_run synth_1
WARNING: [Vivado 12-1017] Problems encountered:
1. Failed to delete one or more files in run directory E:/RISC-V/RISC-V-Cache/RISC-V-Cache.runs/synth_1

launch_runs synth_1 -jobs 4
[Fri May 24 15:36:30 2019] Launched synth_1...
Run output will be captured here: E:/RISC-V/RISC-V-Cache/RISC-V-Cache.runs/synth_1/runme.log
reset_run synth_1
WARNING: [Vivado 12-1017] Problems encountered:
1. Failed to delete one or more files in run directory E:/RISC-V/RISC-V-Cache/RISC-V-Cache.runs/synth_1

launch_runs synth_1 -jobs 4
[Fri May 24 15:38:06 2019] Launched synth_1...
Run output will be captured here: E:/RISC-V/RISC-V-Cache/RISC-V-Cache.runs/synth_1/runme.log
reset_run synth_1
WARNING: [Vivado 12-1017] Problems encountered:
1. Failed to delete one or more files in run directory E:/RISC-V/RISC-V-Cache/RISC-V-Cache.runs/synth_1

launch_runs synth_1 -jobs 4
[Fri May 24 15:39:50 2019] Launched synth_1...
Run output will be captured here: E:/RISC-V/RISC-V-Cache/RISC-V-Cache.runs/synth_1/runme.log
reset_run synth_1
WARNING: [Vivado 12-1017] Problems encountered:
1. Failed to delete one or more files in run directory E:/RISC-V/RISC-V-Cache/RISC-V-Cache.runs/synth_1

launch_runs synth_1 -jobs 4
[Fri May 24 15:43:44 2019] Launched synth_1...
Run output will be captured here: E:/RISC-V/RISC-V-Cache/RISC-V-Cache.runs/synth_1/runme.log
reset_run synth_1
WARNING: [Vivado 12-1017] Problems encountered:
1. Failed to delete one or more files in run directory E:/RISC-V/RISC-V-Cache/RISC-V-Cache.runs/synth_1

launch_runs synth_1 -jobs 4
[Fri May 24 15:47:11 2019] Launched synth_1...
Run output will be captured here: E:/RISC-V/RISC-V-Cache/RISC-V-Cache.runs/synth_1/runme.log
reset_run synth_1
WARNING: [Vivado 12-1017] Problems encountered:
1. Failed to delete one or more files in run directory E:/RISC-V/RISC-V-Cache/RISC-V-Cache.runs/synth_1

launch_runs synth_1 -jobs 4
[Fri May 24 15:49:09 2019] Launched synth_1...
Run output will be captured here: E:/RISC-V/RISC-V-Cache/RISC-V-Cache.runs/synth_1/runme.log
reset_run synth_1
WARNING: [Vivado 12-1017] Problems encountered:
1. Failed to delete one or more files in run directory E:/RISC-V/RISC-V-Cache/RISC-V-Cache.runs/synth_1

launch_runs synth_1 -jobs 4
[Fri May 24 15:52:56 2019] Launched synth_1...
Run output will be captured here: E:/RISC-V/RISC-V-Cache/RISC-V-Cache.runs/synth_1/runme.log
reset_run synth_1
WARNING: [Vivado 12-1017] Problems encountered:
1. Failed to delete one or more files in run directory E:/RISC-V/RISC-V-Cache/RISC-V-Cache.runs/synth_1

launch_runs synth_1 -jobs 4
[Fri May 24 15:56:34 2019] Launched synth_1...
Run output will be captured here: E:/RISC-V/RISC-V-Cache/RISC-V-Cache.runs/synth_1/runme.log
reset_run synth_1
WARNING: [Vivado 12-1017] Problems encountered:
1. Failed to delete one or more files in run directory E:/RISC-V/RISC-V-Cache/RISC-V-Cache.runs/synth_1

launch_runs synth_1 -jobs 4
[Fri May 24 16:00:13 2019] Launched synth_1...
Run output will be captured here: E:/RISC-V/RISC-V-Cache/RISC-V-Cache.runs/synth_1/runme.log
reset_run synth_1
WARNING: [Vivado 12-1017] Problems encountered:
1. Failed to delete one or more files in run directory E:/RISC-V/RISC-V-Cache/RISC-V-Cache.runs/synth_1

launch_runs synth_1 -jobs 4
[Fri May 24 16:03:42 2019] Launched synth_1...
Run output will be captured here: E:/RISC-V/RISC-V-Cache/RISC-V-Cache.runs/synth_1/runme.log
reset_run synth_1
WARNING: [Vivado 12-1017] Problems encountered:
1. Failed to delete one or more files in run directory E:/RISC-V/RISC-V-Cache/RISC-V-Cache.runs/synth_1

launch_runs synth_1 -jobs 4
[Fri May 24 16:06:15 2019] Launched synth_1...
Run output will be captured here: E:/RISC-V/RISC-V-Cache/RISC-V-Cache.runs/synth_1/runme.log
reset_run synth_1
WARNING: [Vivado 12-1017] Problems encountered:
1. Failed to delete one or more files in run directory E:/RISC-V/RISC-V-Cache/RISC-V-Cache.runs/synth_1

launch_runs synth_1 -jobs 4
[Fri May 24 16:08:27 2019] Launched synth_1...
Run output will be captured here: E:/RISC-V/RISC-V-Cache/RISC-V-Cache.runs/synth_1/runme.log
reset_run synth_1
WARNING: [Vivado 12-1017] Problems encountered:
1. Failed to delete one or more files in run directory E:/RISC-V/RISC-V-Cache/RISC-V-Cache.runs/synth_1

launch_runs synth_1 -jobs 4
[Fri May 24 16:12:09 2019] Launched synth_1...
Run output will be captured here: E:/RISC-V/RISC-V-Cache/RISC-V-Cache.runs/synth_1/runme.log
reset_run synth_1
WARNING: [Vivado 12-1017] Problems encountered:
1. Failed to delete one or more files in run directory E:/RISC-V/RISC-V-Cache/RISC-V-Cache.runs/synth_1

launch_runs synth_1 -jobs 4
[Fri May 24 16:17:33 2019] Launched synth_1...
Run output will be captured here: E:/RISC-V/RISC-V-Cache/RISC-V-Cache.runs/synth_1/runme.log
reset_run synth_1
WARNING: [Vivado 12-1017] Problems encountered:
1. Failed to delete one or more files in run directory E:/RISC-V/RISC-V-Cache/RISC-V-Cache.runs/synth_1

launch_runs synth_1 -jobs 4
[Fri May 24 16:20:07 2019] Launched synth_1...
Run output will be captured here: E:/RISC-V/RISC-V-Cache/RISC-V-Cache.runs/synth_1/runme.log
reset_run synth_1
WARNING: [Vivado 12-1017] Problems encountered:
1. Failed to delete one or more files in run directory E:/RISC-V/RISC-V-Cache/RISC-V-Cache.runs/synth_1

launch_runs synth_1 -jobs 4
[Fri May 24 16:33:42 2019] Launched synth_1...
Run output will be captured here: E:/RISC-V/RISC-V-Cache/RISC-V-Cache.runs/synth_1/runme.log
reset_run synth_1
WARNING: [Vivado 12-1017] Problems encountered:
1. Failed to delete one or more files in run directory E:/RISC-V/RISC-V-Cache/RISC-V-Cache.runs/synth_1

launch_runs synth_1 -jobs 4
[Fri May 24 16:36:35 2019] Launched synth_1...
Run output will be captured here: E:/RISC-V/RISC-V-Cache/RISC-V-Cache.runs/synth_1/runme.log
reset_run synth_1
WARNING: [Vivado 12-1017] Problems encountered:
1. Failed to delete one or more files in run directory E:/RISC-V/RISC-V-Cache/RISC-V-Cache.runs/synth_1

launch_runs synth_1 -jobs 4
[Fri May 24 16:39:16 2019] Launched synth_1...
Run output will be captured here: E:/RISC-V/RISC-V-Cache/RISC-V-Cache.runs/synth_1/runme.log
reset_run synth_1
WARNING: [Vivado 12-1017] Problems encountered:
1. Failed to delete one or more files in run directory E:/RISC-V/RISC-V-Cache/RISC-V-Cache.runs/synth_1

launch_runs synth_1 -jobs 4
[Fri May 24 16:41:34 2019] Launched synth_1...
Run output will be captured here: E:/RISC-V/RISC-V-Cache/RISC-V-Cache.runs/synth_1/runme.log
reset_run synth_1
WARNING: [Vivado 12-1017] Problems encountered:
1. Failed to delete one or more files in run directory E:/RISC-V/RISC-V-Cache/RISC-V-Cache.runs/synth_1

launch_runs synth_1 -jobs 4
[Fri May 24 16:44:24 2019] Launched synth_1...
Run output will be captured here: E:/RISC-V/RISC-V-Cache/RISC-V-Cache.runs/synth_1/runme.log
reset_run synth_1
WARNING: [Vivado 12-1017] Problems encountered:
1. Failed to delete one or more files in run directory E:/RISC-V/RISC-V-Cache/RISC-V-Cache.runs/synth_1

launch_runs synth_1 -jobs 4
[Fri May 24 16:47:41 2019] Launched synth_1...
Run output will be captured here: E:/RISC-V/RISC-V-Cache/RISC-V-Cache.runs/synth_1/runme.log
reset_run synth_1
WARNING: [Vivado 12-1017] Problems encountered:
1. Failed to delete one or more files in run directory E:/RISC-V/RISC-V-Cache/RISC-V-Cache.runs/synth_1

launch_runs synth_1 -jobs 4
[Fri May 24 16:52:58 2019] Launched synth_1...
Run output will be captured here: E:/RISC-V/RISC-V-Cache/RISC-V-Cache.runs/synth_1/runme.log
reset_run synth_1
WARNING: [Vivado 12-1017] Problems encountered:
1. Failed to delete one or more files in run directory E:/RISC-V/RISC-V-Cache/RISC-V-Cache.runs/synth_1

launch_runs synth_1 -jobs 4
[Fri May 24 16:58:04 2019] Launched synth_1...
Run output will be captured here: E:/RISC-V/RISC-V-Cache/RISC-V-Cache.runs/synth_1/runme.log
reset_run synth_1
WARNING: [Vivado 12-1017] Problems encountered:
1. Failed to delete one or more files in run directory E:/RISC-V/RISC-V-Cache/RISC-V-Cache.runs/synth_1

launch_runs synth_1 -jobs 4
[Fri May 24 17:02:02 2019] Launched synth_1...
Run output will be captured here: E:/RISC-V/RISC-V-Cache/RISC-V-Cache.runs/synth_1/runme.log
reset_run synth_1
WARNING: [Vivado 12-1017] Problems encountered:
1. Failed to delete one or more files in run directory E:/RISC-V/RISC-V-Cache/RISC-V-Cache.runs/synth_1

launch_runs synth_1 -jobs 4
[Fri May 24 19:25:26 2019] Launched synth_1...
Run output will be captured here: E:/RISC-V/RISC-V-Cache/RISC-V-Cache.runs/synth_1/runme.log
reset_run synth_1
WARNING: [Vivado 12-1017] Problems encountered:
1. Failed to delete one or more files in run directory E:/RISC-V/RISC-V-Cache/RISC-V-Cache.runs/synth_1

launch_runs synth_1 -jobs 4
[Fri May 24 19:28:11 2019] Launched synth_1...
Run output will be captured here: E:/RISC-V/RISC-V-Cache/RISC-V-Cache.runs/synth_1/runme.log
reset_run synth_1
WARNING: [Vivado 12-1017] Problems encountered:
1. Failed to delete one or more files in run directory E:/RISC-V/RISC-V-Cache/RISC-V-Cache.runs/synth_1

launch_runs synth_1 -jobs 4
[Fri May 24 19:37:13 2019] Launched synth_1...
Run output will be captured here: E:/RISC-V/RISC-V-Cache/RISC-V-Cache.runs/synth_1/runme.log
reset_run synth_1
WARNING: [Vivado 12-1017] Problems encountered:
1. Failed to delete one or more files in run directory E:/RISC-V/RISC-V-Cache/RISC-V-Cache.runs/synth_1

launch_runs synth_1 -jobs 4
[Fri May 24 19:42:13 2019] Launched synth_1...
Run output will be captured here: E:/RISC-V/RISC-V-Cache/RISC-V-Cache.runs/synth_1/runme.log
reset_run synth_1
WARNING: [Vivado 12-1017] Problems encountered:
1. Failed to delete one or more files in run directory E:/RISC-V/RISC-V-Cache/RISC-V-Cache.runs/synth_1

launch_runs synth_1 -jobs 4
[Fri May 24 19:51:43 2019] Launched synth_1...
Run output will be captured here: E:/RISC-V/RISC-V-Cache/RISC-V-Cache.runs/synth_1/runme.log
reset_run synth_1
WARNING: [Vivado 12-1017] Problems encountered:
1. Failed to delete one or more files in run directory E:/RISC-V/RISC-V-Cache/RISC-V-Cache.runs/synth_1

launch_runs synth_1 -jobs 4
[Fri May 24 19:54:31 2019] Launched synth_1...
Run output will be captured here: E:/RISC-V/RISC-V-Cache/RISC-V-Cache.runs/synth_1/runme.log
reset_run synth_1
WARNING: [Vivado 12-1017] Problems encountered:
1. Failed to delete one or more files in run directory E:/RISC-V/RISC-V-Cache/RISC-V-Cache.runs/synth_1

launch_runs synth_1 -jobs 4
[Fri May 24 19:56:35 2019] Launched synth_1...
Run output will be captured here: E:/RISC-V/RISC-V-Cache/RISC-V-Cache.runs/synth_1/runme.log
reset_run synth_1
WARNING: [Vivado 12-1017] Problems encountered:
1. Failed to delete one or more files in run directory E:/RISC-V/RISC-V-Cache/RISC-V-Cache.runs/synth_1

launch_runs synth_1 -jobs 4
[Fri May 24 19:59:45 2019] Launched synth_1...
Run output will be captured here: E:/RISC-V/RISC-V-Cache/RISC-V-Cache.runs/synth_1/runme.log
reset_run synth_1
WARNING: [Vivado 12-1017] Problems encountered:
1. Failed to delete one or more files in run directory E:/RISC-V/RISC-V-Cache/RISC-V-Cache.runs/synth_1

launch_runs synth_1 -jobs 4
[Fri May 24 20:02:45 2019] Launched synth_1...
Run output will be captured here: E:/RISC-V/RISC-V-Cache/RISC-V-Cache.runs/synth_1/runme.log
reset_run synth_1
WARNING: [Vivado 12-1017] Problems encountered:
1. Failed to delete one or more files in run directory E:/RISC-V/RISC-V-Cache/RISC-V-Cache.runs/synth_1

launch_runs synth_1 -jobs 4
[Fri May 24 20:06:37 2019] Launched synth_1...
Run output will be captured here: E:/RISC-V/RISC-V-Cache/RISC-V-Cache.runs/synth_1/runme.log
reset_run synth_1
WARNING: [Vivado 12-1017] Problems encountered:
1. Failed to delete one or more files in run directory E:/RISC-V/RISC-V-Cache/RISC-V-Cache.runs/synth_1

launch_runs synth_1 -jobs 4
[Fri May 24 20:10:58 2019] Launched synth_1...
Run output will be captured here: E:/RISC-V/RISC-V-Cache/RISC-V-Cache.runs/synth_1/runme.log
reset_run synth_1
WARNING: [Vivado 12-1017] Problems encountered:
1. Failed to delete one or more files in run directory E:/RISC-V/RISC-V-Cache/RISC-V-Cache.runs/synth_1

launch_runs synth_1 -jobs 4
[Fri May 24 20:18:59 2019] Launched synth_1...
Run output will be captured here: E:/RISC-V/RISC-V-Cache/RISC-V-Cache.runs/synth_1/runme.log
reset_run synth_1
WARNING: [Vivado 12-1017] Problems encountered:
1. Failed to delete one or more files in run directory E:/RISC-V/RISC-V-Cache/RISC-V-Cache.runs/synth_1

launch_runs synth_1 -jobs 4
[Fri May 24 20:29:01 2019] Launched synth_1...
Run output will be captured here: E:/RISC-V/RISC-V-Cache/RISC-V-Cache.runs/synth_1/runme.log
reset_run synth_1
WARNING: [Vivado 12-1017] Problems encountered:
1. Failed to delete one or more files in run directory E:/RISC-V/RISC-V-Cache/RISC-V-Cache.runs/synth_1

launch_runs synth_1 -jobs 4
[Fri May 24 20:38:01 2019] Launched synth_1...
Run output will be captured here: E:/RISC-V/RISC-V-Cache/RISC-V-Cache.runs/synth_1/runme.log
reset_run synth_1
WARNING: [Vivado 12-1017] Problems encountered:
1. Failed to delete one or more files in run directory E:/RISC-V/RISC-V-Cache/RISC-V-Cache.runs/synth_1

launch_runs synth_1 -jobs 4
[Fri May 24 20:49:59 2019] Launched synth_1...
Run output will be captured here: E:/RISC-V/RISC-V-Cache/RISC-V-Cache.runs/synth_1/runme.log
reset_run synth_1
WARNING: [Vivado 12-1017] Problems encountered:
1. Failed to delete one or more files in run directory E:/RISC-V/RISC-V-Cache/RISC-V-Cache.runs/synth_1

launch_runs synth_1 -jobs 4
[Fri May 24 21:13:33 2019] Launched synth_1...
Run output will be captured here: E:/RISC-V/RISC-V-Cache/RISC-V-Cache.runs/synth_1/runme.log
reset_run synth_1
WARNING: [Vivado 12-1017] Problems encountered:
1. Failed to delete one or more files in run directory E:/RISC-V/RISC-V-Cache/RISC-V-Cache.runs/synth_1

launch_runs synth_1 -jobs 4
[Sat May 25 08:31:40 2019] Launched synth_1...
Run output will be captured here: E:/RISC-V/RISC-V-Cache/RISC-V-Cache.runs/synth_1/runme.log
set_property part xa7a75tcsg324-2I [current_project]
reset_run synth_1
WARNING: [Vivado 12-1017] Problems encountered:
1. Failed to delete one or more files in run directory E:/RISC-V/RISC-V-Cache/RISC-V-Cache.runs/synth_1

launch_runs synth_1 -jobs 4
[Sat May 25 08:36:55 2019] Launched synth_1...
Run output will be captured here: E:/RISC-V/RISC-V-Cache/RISC-V-Cache.runs/synth_1/runme.log
reset_run synth_1
WARNING: [Vivado 12-1017] Problems encountered:
1. Failed to delete one or more files in run directory E:/RISC-V/RISC-V-Cache/RISC-V-Cache.runs/synth_1

launch_runs synth_1 -jobs 4
[Sat May 25 08:41:09 2019] Launched synth_1...
Run output will be captured here: E:/RISC-V/RISC-V-Cache/RISC-V-Cache.runs/synth_1/runme.log
reset_run synth_1
WARNING: [Vivado 12-1017] Problems encountered:
1. Failed to delete one or more files in run directory E:/RISC-V/RISC-V-Cache/RISC-V-Cache.runs/synth_1

launch_runs synth_1 -jobs 4
[Sat May 25 08:43:00 2019] Launched synth_1...
Run output will be captured here: E:/RISC-V/RISC-V-Cache/RISC-V-Cache.runs/synth_1/runme.log
reset_run synth_1
WARNING: [Vivado 12-1017] Problems encountered:
1. Failed to delete one or more files in run directory E:/RISC-V/RISC-V-Cache/RISC-V-Cache.runs/synth_1

launch_runs synth_1 -jobs 4
[Sat May 25 08:48:32 2019] Launched synth_1...
Run output will be captured here: E:/RISC-V/RISC-V-Cache/RISC-V-Cache.runs/synth_1/runme.log
reset_run synth_1
WARNING: [Vivado 12-1017] Problems encountered:
1. Failed to delete one or more files in run directory E:/RISC-V/RISC-V-Cache/RISC-V-Cache.runs/synth_1

launch_runs synth_1 -jobs 4
[Sat May 25 08:50:45 2019] Launched synth_1...
Run output will be captured here: E:/RISC-V/RISC-V-Cache/RISC-V-Cache.runs/synth_1/runme.log
reset_run synth_1
WARNING: [Vivado 12-1017] Problems encountered:
1. Failed to delete one or more files in run directory E:/RISC-V/RISC-V-Cache/RISC-V-Cache.runs/synth_1

launch_runs synth_1 -jobs 4
[Sat May 25 08:53:20 2019] Launched synth_1...
Run output will be captured here: E:/RISC-V/RISC-V-Cache/RISC-V-Cache.runs/synth_1/runme.log
reset_run synth_1
WARNING: [Vivado 12-1017] Problems encountered:
1. Failed to delete one or more files in run directory E:/RISC-V/RISC-V-Cache/RISC-V-Cache.runs/synth_1

launch_runs synth_1 -jobs 4
[Sat May 25 08:56:07 2019] Launched synth_1...
Run output will be captured here: E:/RISC-V/RISC-V-Cache/RISC-V-Cache.runs/synth_1/runme.log
reset_run synth_1
WARNING: [Vivado 12-1017] Problems encountered:
1. Failed to delete one or more files in run directory E:/RISC-V/RISC-V-Cache/RISC-V-Cache.runs/synth_1

launch_runs synth_1 -jobs 4
[Sat May 25 09:02:42 2019] Launched synth_1...
Run output will be captured here: E:/RISC-V/RISC-V-Cache/RISC-V-Cache.runs/synth_1/runme.log
reset_run synth_1
WARNING: [Vivado 12-1017] Problems encountered:
1. Failed to delete one or more files in run directory E:/RISC-V/RISC-V-Cache/RISC-V-Cache.runs/synth_1

launch_runs synth_1 -jobs 4
[Sat May 25 09:09:40 2019] Launched synth_1...
Run output will be captured here: E:/RISC-V/RISC-V-Cache/RISC-V-Cache.runs/synth_1/runme.log
reset_run synth_1
WARNING: [Vivado 12-1017] Problems encountered:
1. Failed to delete one or more files in run directory E:/RISC-V/RISC-V-Cache/RISC-V-Cache.runs/synth_1

launch_runs synth_1 -jobs 4
[Sat May 25 09:15:33 2019] Launched synth_1...
Run output will be captured here: E:/RISC-V/RISC-V-Cache/RISC-V-Cache.runs/synth_1/runme.log
reset_run synth_1
WARNING: [Vivado 12-1017] Problems encountered:
1. Failed to delete one or more files in run directory E:/RISC-V/RISC-V-Cache/RISC-V-Cache.runs/synth_1

launch_runs synth_1 -jobs 4
[Sat May 25 09:19:36 2019] Launched synth_1...
Run output will be captured here: E:/RISC-V/RISC-V-Cache/RISC-V-Cache.runs/synth_1/runme.log
reset_run synth_1
WARNING: [Vivado 12-1017] Problems encountered:
1. Failed to delete one or more files in run directory E:/RISC-V/RISC-V-Cache/RISC-V-Cache.runs/synth_1

launch_runs synth_1 -jobs 4
[Sat May 25 09:23:56 2019] Launched synth_1...
Run output will be captured here: E:/RISC-V/RISC-V-Cache/RISC-V-Cache.runs/synth_1/runme.log
reset_run synth_1
WARNING: [Vivado 12-1017] Problems encountered:
1. Failed to delete one or more files in run directory E:/RISC-V/RISC-V-Cache/RISC-V-Cache.runs/synth_1

launch_runs synth_1 -jobs 4
[Sat May 25 09:27:04 2019] Launched synth_1...
Run output will be captured here: E:/RISC-V/RISC-V-Cache/RISC-V-Cache.runs/synth_1/runme.log
reset_run synth_1
WARNING: [Vivado 12-1017] Problems encountered:
1. Failed to delete one or more files in run directory E:/RISC-V/RISC-V-Cache/RISC-V-Cache.runs/synth_1

launch_runs synth_1 -jobs 4
[Sat May 25 09:30:11 2019] Launched synth_1...
Run output will be captured here: E:/RISC-V/RISC-V-Cache/RISC-V-Cache.runs/synth_1/runme.log
reset_run synth_1
WARNING: [Vivado 12-1017] Problems encountered:
1. Failed to delete one or more files in run directory E:/RISC-V/RISC-V-Cache/RISC-V-Cache.runs/synth_1

launch_runs synth_1 -jobs 4
[Sat May 25 09:36:33 2019] Launched synth_1...
Run output will be captured here: E:/RISC-V/RISC-V-Cache/RISC-V-Cache.runs/synth_1/runme.log
reset_run synth_1
WARNING: [Vivado 12-1017] Problems encountered:
1. Failed to delete one or more files in run directory E:/RISC-V/RISC-V-Cache/RISC-V-Cache.runs/synth_1

launch_runs synth_1 -jobs 4
[Sat May 25 09:38:38 2019] Launched synth_1...
Run output will be captured here: E:/RISC-V/RISC-V-Cache/RISC-V-Cache.runs/synth_1/runme.log
reset_run synth_1
WARNING: [Vivado 12-1017] Problems encountered:
1. Failed to delete one or more files in run directory E:/RISC-V/RISC-V-Cache/RISC-V-Cache.runs/synth_1

launch_runs synth_1 -jobs 4
[Sat May 25 09:41:03 2019] Launched synth_1...
Run output will be captured here: E:/RISC-V/RISC-V-Cache/RISC-V-Cache.runs/synth_1/runme.log
reset_run synth_1
WARNING: [Vivado 12-1017] Problems encountered:
1. Failed to delete one or more files in run directory E:/RISC-V/RISC-V-Cache/RISC-V-Cache.runs/synth_1

launch_runs synth_1 -jobs 4
[Sat May 25 09:44:04 2019] Launched synth_1...
Run output will be captured here: E:/RISC-V/RISC-V-Cache/RISC-V-Cache.runs/synth_1/runme.log
reset_run synth_1
WARNING: [Vivado 12-1017] Problems encountered:
1. Failed to delete one or more files in run directory E:/RISC-V/RISC-V-Cache/RISC-V-Cache.runs/synth_1

launch_runs synth_1 -jobs 4
[Sat May 25 09:57:08 2019] Launched synth_1...
Run output will be captured here: E:/RISC-V/RISC-V-Cache/RISC-V-Cache.runs/synth_1/runme.log
reset_run synth_1
WARNING: [Vivado 12-1017] Problems encountered:
1. Failed to delete one or more files in run directory E:/RISC-V/RISC-V-Cache/RISC-V-Cache.runs/synth_1

launch_runs synth_1 -jobs 4
[Sat May 25 10:02:11 2019] Launched synth_1...
Run output will be captured here: E:/RISC-V/RISC-V-Cache/RISC-V-Cache.runs/synth_1/runme.log
reset_run synth_1
WARNING: [Vivado 12-1017] Problems encountered:
1. Failed to delete one or more files in run directory E:/RISC-V/RISC-V-Cache/RISC-V-Cache.runs/synth_1

launch_runs synth_1 -jobs 4
[Sat May 25 10:09:37 2019] Launched synth_1...
Run output will be captured here: E:/RISC-V/RISC-V-Cache/RISC-V-Cache.runs/synth_1/runme.log
reset_run synth_1
WARNING: [Vivado 12-1017] Problems encountered:
1. Failed to delete one or more files in run directory E:/RISC-V/RISC-V-Cache/RISC-V-Cache.runs/synth_1

launch_runs synth_1 -jobs 4
[Sat May 25 10:11:53 2019] Launched synth_1...
Run output will be captured here: E:/RISC-V/RISC-V-Cache/RISC-V-Cache.runs/synth_1/runme.log
reset_run synth_1
WARNING: [Vivado 12-1017] Problems encountered:
1. Failed to delete one or more files in run directory E:/RISC-V/RISC-V-Cache/RISC-V-Cache.runs/synth_1

launch_runs synth_1 -jobs 4
[Sat May 25 10:17:13 2019] Launched synth_1...
Run output will be captured here: E:/RISC-V/RISC-V-Cache/RISC-V-Cache.runs/synth_1/runme.log
reset_run synth_1
WARNING: [Vivado 12-1017] Problems encountered:
1. Failed to delete one or more files in run directory E:/RISC-V/RISC-V-Cache/RISC-V-Cache.runs/synth_1

launch_runs synth_1 -jobs 4
[Sat May 25 10:21:31 2019] Launched synth_1...
Run output will be captured here: E:/RISC-V/RISC-V-Cache/RISC-V-Cache.runs/synth_1/runme.log
reset_run synth_1
WARNING: [Vivado 12-1017] Problems encountered:
1. Failed to delete one or more files in run directory E:/RISC-V/RISC-V-Cache/RISC-V-Cache.runs/synth_1

launch_runs synth_1 -jobs 4
[Sat May 25 10:25:17 2019] Launched synth_1...
Run output will be captured here: E:/RISC-V/RISC-V-Cache/RISC-V-Cache.runs/synth_1/runme.log
reset_run synth_1
WARNING: [Vivado 12-1017] Problems encountered:
1. Failed to delete one or more files in run directory E:/RISC-V/RISC-V-Cache/RISC-V-Cache.runs/synth_1

launch_runs synth_1 -jobs 4
[Sat May 25 10:28:17 2019] Launched synth_1...
Run output will be captured here: E:/RISC-V/RISC-V-Cache/RISC-V-Cache.runs/synth_1/runme.log
reset_run synth_1
WARNING: [Vivado 12-1017] Problems encountered:
1. Failed to delete one or more files in run directory E:/RISC-V/RISC-V-Cache/RISC-V-Cache.runs/synth_1

launch_runs synth_1 -jobs 4
[Sat May 25 10:31:21 2019] Launched synth_1...
Run output will be captured here: E:/RISC-V/RISC-V-Cache/RISC-V-Cache.runs/synth_1/runme.log
reset_run synth_1
WARNING: [Vivado 12-1017] Problems encountered:
1. Failed to delete one or more files in run directory E:/RISC-V/RISC-V-Cache/RISC-V-Cache.runs/synth_1

launch_runs synth_1 -jobs 4
[Sat May 25 10:34:28 2019] Launched synth_1...
Run output will be captured here: E:/RISC-V/RISC-V-Cache/RISC-V-Cache.runs/synth_1/runme.log
reset_run synth_1
WARNING: [Vivado 12-1017] Problems encountered:
1. Failed to delete one or more files in run directory E:/RISC-V/RISC-V-Cache/RISC-V-Cache.runs/synth_1

launch_runs synth_1 -jobs 4
[Sat May 25 10:39:53 2019] Launched synth_1...
Run output will be captured here: E:/RISC-V/RISC-V-Cache/RISC-V-Cache.runs/synth_1/runme.log
reset_run synth_1
WARNING: [Vivado 12-1017] Problems encountered:
1. Failed to delete one or more files in run directory E:/RISC-V/RISC-V-Cache/RISC-V-Cache.runs/synth_1

launch_runs synth_1 -jobs 4
[Sat May 25 10:45:47 2019] Launched synth_1...
Run output will be captured here: E:/RISC-V/RISC-V-Cache/RISC-V-Cache.runs/synth_1/runme.log
reset_run synth_1
WARNING: [Vivado 12-1017] Problems encountered:
1. Failed to delete one or more files in run directory E:/RISC-V/RISC-V-Cache/RISC-V-Cache.runs/synth_1

launch_runs synth_1 -jobs 4
[Sat May 25 10:49:29 2019] Launched synth_1...
Run output will be captured here: E:/RISC-V/RISC-V-Cache/RISC-V-Cache.runs/synth_1/runme.log
reset_run synth_1
WARNING: [Vivado 12-1017] Problems encountered:
1. Failed to delete one or more files in run directory E:/RISC-V/RISC-V-Cache/RISC-V-Cache.runs/synth_1

launch_runs synth_1 -jobs 4
[Sat May 25 10:53:33 2019] Launched synth_1...
Run output will be captured here: E:/RISC-V/RISC-V-Cache/RISC-V-Cache.runs/synth_1/runme.log
reset_run synth_1
WARNING: [Vivado 12-1017] Problems encountered:
1. Failed to delete one or more files in run directory E:/RISC-V/RISC-V-Cache/RISC-V-Cache.runs/synth_1

launch_runs synth_1 -jobs 4
[Sat May 25 10:56:04 2019] Launched synth_1...
Run output will be captured here: E:/RISC-V/RISC-V-Cache/RISC-V-Cache.runs/synth_1/runme.log
reset_run synth_1
WARNING: [Vivado 12-1017] Problems encountered:
1. Failed to delete one or more files in run directory E:/RISC-V/RISC-V-Cache/RISC-V-Cache.runs/synth_1

launch_runs synth_1 -jobs 4
[Sat May 25 11:00:36 2019] Launched synth_1...
Run output will be captured here: E:/RISC-V/RISC-V-Cache/RISC-V-Cache.runs/synth_1/runme.log
reset_run synth_1
WARNING: [Vivado 12-1017] Problems encountered:
1. Failed to delete one or more files in run directory E:/RISC-V/RISC-V-Cache/RISC-V-Cache.runs/synth_1

launch_runs synth_1 -jobs 4
[Sat May 25 11:06:19 2019] Launched synth_1...
Run output will be captured here: E:/RISC-V/RISC-V-Cache/RISC-V-Cache.runs/synth_1/runme.log
reset_run synth_1
WARNING: [Vivado 12-1017] Problems encountered:
1. Failed to delete one or more files in run directory E:/RISC-V/RISC-V-Cache/RISC-V-Cache.runs/synth_1

launch_runs synth_1 -jobs 4
[Sat May 25 11:11:22 2019] Launched synth_1...
Run output will be captured here: E:/RISC-V/RISC-V-Cache/RISC-V-Cache.runs/synth_1/runme.log
reset_run synth_1
WARNING: [Vivado 12-1017] Problems encountered:
1. Failed to delete one or more files in run directory E:/RISC-V/RISC-V-Cache/RISC-V-Cache.runs/synth_1

launch_runs synth_1 -jobs 4
[Sat May 25 11:16:57 2019] Launched synth_1...
Run output will be captured here: E:/RISC-V/RISC-V-Cache/RISC-V-Cache.runs/synth_1/runme.log
reset_run synth_1
WARNING: [Vivado 12-1017] Problems encountered:
1. Failed to delete one or more files in run directory E:/RISC-V/RISC-V-Cache/RISC-V-Cache.runs/synth_1

launch_runs synth_1 -jobs 4
[Sat May 25 12:03:00 2019] Launched synth_1...
Run output will be captured here: E:/RISC-V/RISC-V-Cache/RISC-V-Cache.runs/synth_1/runme.log
reset_run synth_1
WARNING: [Vivado 12-1017] Problems encountered:
1. Failed to delete one or more files in run directory E:/RISC-V/RISC-V-Cache/RISC-V-Cache.runs/synth_1

launch_runs synth_1 -jobs 4
[Sat May 25 12:46:28 2019] Launched synth_1...
Run output will be captured here: E:/RISC-V/RISC-V-Cache/RISC-V-Cache.runs/synth_1/runme.log
reset_run synth_1
WARNING: [Vivado 12-1017] Problems encountered:
1. Failed to delete one or more files in run directory E:/RISC-V/RISC-V-Cache/RISC-V-Cache.runs/synth_1

launch_runs synth_1 -jobs 4
[Sat May 25 12:58:54 2019] Launched synth_1...
Run output will be captured here: E:/RISC-V/RISC-V-Cache/RISC-V-Cache.runs/synth_1/runme.log
reset_run synth_1
WARNING: [Vivado 12-1017] Problems encountered:
1. Failed to delete one or more files in run directory E:/RISC-V/RISC-V-Cache/RISC-V-Cache.runs/synth_1

launch_runs synth_1 -jobs 4
[Sat May 25 13:06:08 2019] Launched synth_1...
Run output will be captured here: E:/RISC-V/RISC-V-Cache/RISC-V-Cache.runs/synth_1/runme.log
reset_run synth_1
WARNING: [Vivado 12-1017] Problems encountered:
1. Failed to delete one or more files in run directory E:/RISC-V/RISC-V-Cache/RISC-V-Cache.runs/synth_1

launch_runs synth_1 -jobs 4
[Sat May 25 13:11:30 2019] Launched synth_1...
Run output will be captured here: E:/RISC-V/RISC-V-Cache/RISC-V-Cache.runs/synth_1/runme.log
reset_run synth_1
WARNING: [Vivado 12-1017] Problems encountered:
1. Failed to delete one or more files in run directory E:/RISC-V/RISC-V-Cache/RISC-V-Cache.runs/synth_1

launch_runs synth_1 -jobs 4
[Sat May 25 13:15:39 2019] Launched synth_1...
Run output will be captured here: E:/RISC-V/RISC-V-Cache/RISC-V-Cache.runs/synth_1/runme.log
reset_run synth_1
WARNING: [Vivado 12-1017] Problems encountered:
1. Failed to delete one or more files in run directory E:/RISC-V/RISC-V-Cache/RISC-V-Cache.runs/synth_1

launch_runs synth_1 -jobs 4
[Sat May 25 13:17:43 2019] Launched synth_1...
Run output will be captured here: E:/RISC-V/RISC-V-Cache/RISC-V-Cache.runs/synth_1/runme.log
reset_run synth_1
WARNING: [Vivado 12-1017] Problems encountered:
1. Failed to delete one or more files in run directory E:/RISC-V/RISC-V-Cache/RISC-V-Cache.runs/synth_1

launch_runs synth_1 -jobs 4
[Sat May 25 13:20:32 2019] Launched synth_1...
Run output will be captured here: E:/RISC-V/RISC-V-Cache/RISC-V-Cache.runs/synth_1/runme.log
reset_run synth_1
WARNING: [Vivado 12-1017] Problems encountered:
1. Failed to delete one or more files in run directory E:/RISC-V/RISC-V-Cache/RISC-V-Cache.runs/synth_1

launch_runs synth_1 -jobs 4
[Sat May 25 13:23:49 2019] Launched synth_1...
Run output will be captured here: E:/RISC-V/RISC-V-Cache/RISC-V-Cache.runs/synth_1/runme.log
reset_run synth_1
WARNING: [Vivado 12-1017] Problems encountered:
1. Failed to delete one or more files in run directory E:/RISC-V/RISC-V-Cache/RISC-V-Cache.runs/synth_1

launch_runs synth_1 -jobs 4
[Sat May 25 13:28:38 2019] Launched synth_1...
Run output will be captured here: E:/RISC-V/RISC-V-Cache/RISC-V-Cache.runs/synth_1/runme.log
reset_run synth_1
WARNING: [Vivado 12-1017] Problems encountered:
1. Failed to delete one or more files in run directory E:/RISC-V/RISC-V-Cache/RISC-V-Cache.runs/synth_1

launch_runs synth_1 -jobs 4
[Sat May 25 13:32:28 2019] Launched synth_1...
Run output will be captured here: E:/RISC-V/RISC-V-Cache/RISC-V-Cache.runs/synth_1/runme.log
reset_run synth_1
WARNING: [Vivado 12-1017] Problems encountered:
1. Failed to delete one or more files in run directory E:/RISC-V/RISC-V-Cache/RISC-V-Cache.runs/synth_1

launch_runs synth_1 -jobs 4
[Sat May 25 13:38:37 2019] Launched synth_1...
Run output will be captured here: E:/RISC-V/RISC-V-Cache/RISC-V-Cache.runs/synth_1/runme.log
reset_run synth_1
WARNING: [Vivado 12-1017] Problems encountered:
1. Failed to delete one or more files in run directory E:/RISC-V/RISC-V-Cache/RISC-V-Cache.runs/synth_1

launch_runs synth_1 -jobs 4
[Sat May 25 13:46:24 2019] Launched synth_1...
Run output will be captured here: E:/RISC-V/RISC-V-Cache/RISC-V-Cache.runs/synth_1/runme.log
reset_run synth_1
WARNING: [Vivado 12-1017] Problems encountered:
1. Failed to delete one or more files in run directory E:/RISC-V/RISC-V-Cache/RISC-V-Cache.runs/synth_1

launch_runs synth_1 -jobs 4
[Sat May 25 13:50:57 2019] Launched synth_1...
Run output will be captured here: E:/RISC-V/RISC-V-Cache/RISC-V-Cache.runs/synth_1/runme.log
reset_run synth_1
WARNING: [Vivado 12-1017] Problems encountered:
1. Failed to delete one or more files in run directory E:/RISC-V/RISC-V-Cache/RISC-V-Cache.runs/synth_1

launch_runs synth_1 -jobs 4
[Sat May 25 13:58:24 2019] Launched synth_1...
Run output will be captured here: E:/RISC-V/RISC-V-Cache/RISC-V-Cache.runs/synth_1/runme.log
reset_run synth_1
WARNING: [Vivado 12-1017] Problems encountered:
1. Failed to delete one or more files in run directory E:/RISC-V/RISC-V-Cache/RISC-V-Cache.runs/synth_1

launch_runs synth_1 -jobs 4
[Sat May 25 14:03:59 2019] Launched synth_1...
Run output will be captured here: E:/RISC-V/RISC-V-Cache/RISC-V-Cache.runs/synth_1/runme.log
reset_run synth_1
WARNING: [Vivado 12-1017] Problems encountered:
1. Failed to delete one or more files in run directory E:/RISC-V/RISC-V-Cache/RISC-V-Cache.runs/synth_1

launch_runs synth_1 -jobs 4
[Sat May 25 14:07:01 2019] Launched synth_1...
Run output will be captured here: E:/RISC-V/RISC-V-Cache/RISC-V-Cache.runs/synth_1/runme.log
exit
INFO: [Common 17-206] Exiting Vivado at Sat May 25 14:10:35 2019...
